<?xml version="1.0" encoding="UTF-8"?>
<!-- Generated by org.testng.reporters.JUnitReportReporter -->
<testsuite hostname="Jayakumars-MacBook-Pro.local" failures="0" tests="2" name="jkjtf.HomePage" time="5.613" errors="0" timestamp="2020-11-07T15:29:34 GMT" skipped="0">
  <testcase classname="jkjtf.HomePage" name="basePageNavigation" time="4.120"/>
  <system-out/>
  <testcase classname="jkjtf.HomePage" name="basePageNavigation" time="1.493"/>
  <system-out/>
</testsuite> <!-- jkjtf.HomePage -->
