<?xml version="1.0" encoding="UTF-8"?>
<!-- Generated by org.testng.reporters.JUnitReportReporter -->
<testsuite hostname="Jayakumars-MacBook-Pro.local" failures="0" tests="2" name="jkjtf.HomePage" time="7.659" errors="0" timestamp="2020-11-08T20:31:46 GMT" skipped="0">
  <testcase classname="jkjtf.HomePage" name="basePageNavigation" time="5.415"/>
  <system-out/>
  <testcase classname="jkjtf.HomePage" name="basePageNavigation" time="2.244"/>
  <system-out/>
</testsuite> <!-- jkjtf.HomePage -->
