<?xml version="1.0" encoding="UTF-8"?>
<!-- Generated by org.testng.reporters.JUnitReportReporter -->
<testsuite hostname="DESKTOP-0JD99JJ" failures="0" tests="2" name="jkjtf.HomePage" time="6.358" errors="0" timestamp="2020-11-04T13:43:37 GMT" skipped="0">
  <testcase classname="jkjtf.HomePage" name="basePageNavigation" time="2.295"/>
  <system-out/>
  <testcase classname="jkjtf.HomePage" name="basePageNavigation" time="4.063"/>
  <system-out/>
</testsuite> <!-- jkjtf.HomePage -->
