<?xml version="1.0" encoding="UTF-8"?>
<!-- Generated by org.testng.reporters.JUnitReportReporter -->
<testsuite hostname="DESKTOP-0JD99JJ" failures="0" tests="1" name="jkjtf.HomePage" time="0.000" errors="0" timestamp="2020-11-03T13:30:53 GMT" skipped="1">
  <testcase classname="jkjtf.HomePage" name="basePageNavigation" time="0.000">
    <skipped/>
  </testcase> <!-- basePageNavigation -->
  <system-out/>
</testsuite> <!-- jkjtf.HomePage -->
